<?xml version="1.0" encoding="UTF-8"?>
<!-- Generated by org.testng.reporters.JUnitXMLReporter -->
<testsuite hostname="DESKTOP-45OOO9N" ignored="0" name="Surefire test" tests="6" failures="0" timestamp="07 May 2019 16:36:45 GMT" time="0.071" errors="0">
  <testcase name="IOSApps" time="0.015" classname="qaclickacademy.AppiumTest"/>
  <testcase name="nativeAppAndroid" time="0.001" classname="qaclickacademy.AppiumTest"/>
  <testcase name="DeleteTwitter" time="0.001" classname="qaclickacademy.RestAPITest"/>
  <testcase name="PostJira" time="0.001" classname="qaclickacademy.RestAPITest"/>
  <testcase name="BrowserAutomation" time="0.001" classname="qaclickacademy.seleniumTest"/>
  <testcase name="ElementUI" time="0.0" classname="qaclickacademy.seleniumTest"/>
</testsuite> <!-- Surefire test -->
