<?xml version="1.0" encoding="UTF-8"?>
<testng-results skipped="0" failed="0" ignored="0" total="6" passed="6">
  <reporter-output>
  </reporter-output>
  <suite name="Surefire suite" duration-ms="71" started-at="2019-05-07T16:36:45Z" finished-at="2019-05-07T16:36:45Z">
    <groups>
    </groups>
    <test name="Surefire test" duration-ms="71" started-at="2019-05-07T16:36:45Z" finished-at="2019-05-07T16:36:45Z">
      <class name="qaclickacademy.AppiumTest">
        <test-method status="PASS" signature="IOSApps()[pri:0, instance:qaclickacademy.AppiumTest@2096442d]" name="IOSApps" duration-ms="15" started-at="2019-05-07T16:36:45Z" finished-at="2019-05-07T16:36:45Z">
          <reporter-output>
          </reporter-output>
        </test-method> <!-- IOSApps -->
        <test-method status="PASS" signature="nativeAppAndroid()[pri:0, instance:qaclickacademy.AppiumTest@2096442d]" name="nativeAppAndroid" duration-ms="1" started-at="2019-05-07T16:36:45Z" finished-at="2019-05-07T16:36:45Z">
          <reporter-output>
          </reporter-output>
        </test-method> <!-- nativeAppAndroid -->
      </class> <!-- qaclickacademy.AppiumTest -->
      <class name="qaclickacademy.RestAPITest">
        <test-method status="PASS" signature="DeleteTwitter()[pri:0, instance:qaclickacademy.RestAPITest@9f70c54]" name="DeleteTwitter" duration-ms="1" started-at="2019-05-07T16:36:45Z" finished-at="2019-05-07T16:36:45Z">
          <reporter-output>
          </reporter-output>
        </test-method> <!-- DeleteTwitter -->
        <test-method status="PASS" signature="PostJira()[pri:0, instance:qaclickacademy.RestAPITest@9f70c54]" name="PostJira" duration-ms="1" started-at="2019-05-07T16:36:45Z" finished-at="2019-05-07T16:36:45Z">
          <reporter-output>
          </reporter-output>
        </test-method> <!-- PostJira -->
      </class> <!-- qaclickacademy.RestAPITest -->
      <class name="qaclickacademy.seleniumTest">
        <test-method status="PASS" signature="BrowserAutomation()[pri:0, instance:qaclickacademy.seleniumTest@234bef66]" name="BrowserAutomation" duration-ms="1" started-at="2019-05-07T16:36:45Z" finished-at="2019-05-07T16:36:45Z">
          <reporter-output>
          </reporter-output>
        </test-method> <!-- BrowserAutomation -->
        <test-method status="PASS" signature="ElementUI()[pri:0, instance:qaclickacademy.seleniumTest@234bef66]" name="ElementUI" duration-ms="0" started-at="2019-05-07T16:36:45Z" finished-at="2019-05-07T16:36:45Z">
          <reporter-output>
          </reporter-output>
        </test-method> <!-- ElementUI -->
      </class> <!-- qaclickacademy.seleniumTest -->
    </test> <!-- Surefire test -->
  </suite> <!-- Surefire suite -->
</testng-results>
